2024-12-13 18:13:17 [INFO]: MongoDB Connected: localhost
2024-12-13 18:13:20 [INFO]: Fetched 0 users (page: 1, limit: 10)
2024-12-13 18:13:28 [INFO]: Người dùng với email test@example.com đã được tạo thành công.
2024-12-13 18:13:56 [INFO]: Thông tin người dùng với ID 675c16d86232ba2334ee9bac đã được trả về.
2024-12-13 18:14:07 [INFO]: Người dùng với ID 675c16d86232ba2334ee9bac đã được xóa thành công.
2024-12-13 18:14:33 [INFO]: Sản phẩm mới đã được tạo: Sample Product
2024-12-13 18:14:41 [INFO]: Lấy danh sách 1 sản phẩm (trang 1) thành công.
2024-12-13 18:14:53 [INFO]: Lấy thông tin sản phẩm với ID 675c17196232ba2334ee9bb1 thành công.
2024-12-13 18:15:15 [ERROR]: Lỗi khi tạo đơn hàng: Cannot read properties of undefined (reading 'id')
2024-12-13 18:15:26 [INFO]: Lấy danh sách 0 đơn hàng thành công.
2024-12-13 18:15:42 [INFO]: Lấy danh sách 1 sản phẩm (trang 1) thành công.
2024-12-13 18:15:51 [ERROR]: Lỗi khi tạo đơn hàng: Cannot read properties of undefined (reading 'id')
2024-12-13 18:16:58 [INFO]: Lấy danh sách 0 đơn hàng thành công.
2024-12-13 18:17:18 [ERROR]: Lỗi khi tạo thanh toán: messages.payment.validation.invalidMethod is not a function
2024-12-13 18:18:09 [ERROR]: Lỗi khi tạo thanh toán: messages.payment.validation.invalidMethod is not a function
2024-12-13 18:18:18 [INFO]: MongoDB Connected: localhost
2024-12-13 18:18:22 [ERROR]: Lỗi khi tạo thanh toán: Payment validation failed: order: Cast to ObjectId failed for value "orderId123" (type string) at path "order" because of "BSONError"
2024-12-13 18:18:35 [INFO]: Lấy danh sách 0 đơn hàng thành công.
2024-12-13 18:19:08 [INFO]: Lấy danh sách 0 thanh toán thành công.
2024-12-13 18:20:40 [INFO]: Lấy danh sách 1 sản phẩm (trang 1) thành công.
2024-12-13 18:21:15 [WARN]: Tạo sản phẩm thất bại: ["Product name không được để trống. không được để trống.","Product description không được để trống. không được để trống.","Product price phải là một số dương. phải là một số dương.","Product category không được để trống. không được để trống."]
2024-12-13 18:22:04 [WARN]: Tạo sản phẩm thất bại: ["Product name không được để trống. không được để trống.","Product description không được để trống. không được để trống.","Product price phải là một số dương. phải là một số dương.","Product category không được để trống. không được để trống."]
2024-12-13 18:22:53 [ERROR]: Lỗi khi tạo đơn hàng: Cannot read properties of undefined (reading 'id')
2024-12-14 13:03:16 [INFO]: MongoDB Connected: localhost
2024-12-14 13:06:14 [INFO]: MongoDB Connected: localhost
2024-12-14 13:08:14 [INFO]: Người dùng với email test@example.com đã được tạo thành công.
2024-12-14 13:10:27 [ERROR]: Lỗi khi tạo đơn hàng: Cannot read properties of undefined (reading 'id')
2024-12-14 13:12:00 [INFO]: MongoDB Connected: localhost
2024-12-14 13:20:56 [INFO]: MongoDB Connected: localhost
2024-12-14 13:20:59 [INFO]: MongoDB Connected: localhost
2024-12-14 13:21:02 [INFO]: Đơn hàng mới được tạo cho người dùng: 675d20ce92d87cd2e82ada4b
2024-12-14 13:24:45 [INFO]: Thanh toán mới đã được tạo thành công cho đơn hàng: 675d23ce1a3dd0df428a6c5b
2024-12-14 13:24:46 [INFO]: Thanh toán mới đã được tạo thành công cho đơn hàng: 675d23ce1a3dd0df428a6c5b
2024-12-14 13:27:24 [INFO]: Đơn hàng mới được tạo cho người dùng: 675d20ce92d87cd2e82ada4b
2025-01-08 10:09:02 [INFO]: MongoDB Connected: localhost
2025-01-08 10:10:46 [INFO]: MongoDB Connected: localhost
2025-01-08 10:14:14 [INFO]: MongoDB Connected: localhost
2025-01-08 10:20:23 [INFO]: MongoDB Connected: localhost
2025-01-08 10:21:34 [INFO]: MongoDB Connected: localhost
2025-01-08 10:21:53 [INFO]: MongoDB Connected: localhost
2025-01-08 10:23:19 [INFO]: MongoDB Connected: localhost
2025-01-08 10:23:47 [INFO]: MongoDB Connected: localhost
2025-01-08 10:23:52 [INFO]: MongoDB Connected: localhost
2025-01-08 10:24:09 [INFO]: MongoDB Connected: localhost
2025-01-08 10:26:17 [INFO]: MongoDB Connected: localhost
2025-01-08 10:27:09 [INFO]: MongoDB Connected: localhost
2025-01-08 10:28:02 [INFO]: MongoDB Connected: localhost
2025-01-08 10:28:06 [INFO]: MongoDB Connected: localhost
2025-01-08 10:28:11 [INFO]: MongoDB Connected: localhost
2025-01-08 10:28:31 [INFO]: MongoDB Connected: localhost
2025-01-08 10:28:51 [INFO]: MongoDB Connected: localhost
2025-01-08 10:28:58 [INFO]: MongoDB Connected: localhost
2025-01-08 10:29:05 [INFO]: MongoDB Connected: localhost
2025-01-08 10:29:11 [INFO]: MongoDB Connected: localhost
2025-01-08 10:29:39 [INFO]: MongoDB Connected: localhost
2025-01-08 10:29:55 [INFO]: MongoDB Connected: localhost
2025-01-08 10:32:07 [INFO]: MongoDB Connected: localhost
2025-01-08 10:33:27 [INFO]: MongoDB Connected: localhost
2025-01-08 10:34:11 [INFO]: MongoDB Connected: localhost
2025-01-08 10:34:22 [INFO]: MongoDB Connected: localhost
2025-01-08 10:34:36 [INFO]: MongoDB Connected: localhost
2025-01-08 10:35:07 [INFO]: MongoDB Connected: localhost
2025-01-08 10:35:19 [INFO]: MongoDB Connected: localhost
2025-01-08 10:36:30 [INFO]: MongoDB Connected: localhost
2025-01-08 10:36:50 [INFO]: MongoDB Connected: localhost
2025-01-08 10:37:19 [INFO]: MongoDB Connected: localhost
2025-01-08 10:37:59 [INFO]: MongoDB Connected: localhost
2025-01-08 10:38:27 [INFO]: MongoDB Connected: localhost
2025-01-08 10:38:59 [INFO]: MongoDB Connected: localhost
2025-01-08 10:39:33 [INFO]: MongoDB Connected: localhost
2025-01-08 10:40:38 [INFO]: MongoDB Connected: localhost
2025-01-08 10:40:58 [INFO]: MongoDB Connected: localhost
2025-01-08 10:50:18 [INFO]: Fetched 1 users (page: 1, limit: 10)
2025-01-08 10:51:01 [INFO]: Người dùng với email lamhuetrung@gmail.com đã được tạo thành công.
2025-01-08 10:51:43 [INFO]: Fetched 2 users (page: 1, limit: 10)
2025-01-08 10:52:06 [INFO]: Người dùng với ID 675d20ce92d87cd2e82ada4b đã được cập nhật thành công.
2025-01-08 10:52:21 [INFO]: Thông tin người dùng với ID 675d20ce92d87cd2e82ada4b đã được trả về.
2025-01-08 10:52:30 [INFO]: Người dùng với ID 675d20ce92d87cd2e82ada4b đã được xóa thành công.
2025-01-08 10:52:35 [INFO]: Fetched 1 users (page: 1, limit: 10)
2025-01-08 10:52:49 [INFO]: Lấy danh sách 1 sản phẩm (trang 1) thành công.
2025-01-08 10:53:00 [WARN]: Tạo sản phẩm thất bại: ["Product category không được để trống. không được để trống."]
2025-01-08 10:55:52 [INFO]: MongoDB Connected: localhost
2025-01-08 10:56:40 [INFO]: MongoDB Connected: localhost
2025-01-08 10:57:10 [INFO]: Sản phẩm mới đã được tạo: Laptop
2025-01-08 10:57:17 [INFO]: Lấy danh sách 2 sản phẩm (trang 1) thành công.
2025-01-08 10:59:00 [INFO]: MongoDB Connected: localhost
2025-01-08 10:59:07 [INFO]: Lấy danh sách 2 sản phẩm (trang 1) thành công.
2025-01-08 10:59:18 [INFO]: Sản phẩm với ID 677df796dbc6194ea6a6e446 đã được cập nhật thành công.
2025-01-08 10:59:29 [INFO]: Lấy thông tin sản phẩm với ID 677df796dbc6194ea6a6e446 thành công.
2025-01-08 10:59:35 [INFO]: Sản phẩm với ID 677df796dbc6194ea6a6e446 đã được xóa thành công.
2025-01-08 10:59:45 [INFO]: Lấy danh sách 1 sản phẩm (trang 1) thành công.
2025-01-08 11:00:02 [INFO]: Lấy danh sách 2 đơn hàng thành công.
2025-01-08 11:05:42 [INFO]: MongoDB Connected: localhost
2025-01-08 11:06:42 [INFO]: MongoDB Connected: localhost
2025-01-08 11:06:47 [INFO]: MongoDB Connected: localhost
2025-01-08 11:07:10 [INFO]: MongoDB Connected: localhost
2025-01-08 11:07:14 [INFO]: MongoDB Connected: localhost
2025-01-08 11:07:27 [INFO]: MongoDB Connected: localhost
2025-01-08 11:07:32 [INFO]: MongoDB Connected: localhost
2025-01-08 11:07:48 [INFO]: MongoDB Connected: localhost
2025-01-08 11:07:55 [INFO]: MongoDB Connected: localhost
2025-01-08 11:08:43 [INFO]: MongoDB Connected: localhost
2025-01-08 11:09:36 [INFO]: MongoDB Connected: localhost
2025-01-08 11:11:19 [INFO]: MongoDB Connected: localhost
2025-01-08 11:11:27 [INFO]: MongoDB Connected: localhost
2025-01-08 11:12:58 [INFO]: MongoDB Connected: localhost
2025-01-08 11:14:17 [INFO]: Lấy danh sách 1 sản phẩm (trang 1) thành công.
2025-01-08 11:15:28 [INFO]: MongoDB Connected: localhost
2025-01-08 11:16:19 [INFO]: Lấy danh sách 1 sản phẩm (trang 1) thành công.
2025-01-08 11:16:29 [INFO]: Giỏ hàng mới được tạo cho người dùng: 677df62567125c344526142a
2025-01-08 11:16:29 [INFO]: Thêm sản phẩm mới (ID: 675c17196232ba2334ee9bb1) vào giỏ hàng của người dùng: 677df62567125c344526142a
2025-01-08 11:16:29 [INFO]: Giỏ hàng của người dùng 677df62567125c344526142a đã được cập nhật thành công.
2025-01-08 11:19:42 [INFO]: MongoDB Connected: localhost
2025-01-08 11:19:46 [INFO]: MongoDB Connected: localhost
2025-01-08 11:19:58 [INFO]: MongoDB Connected: localhost
2025-01-08 11:20:22 [INFO]: MongoDB Connected: localhost
2025-01-08 11:20:32 [INFO]: MongoDB Connected: localhost
2025-01-08 11:21:17 [INFO]: MongoDB Connected: localhost
2025-01-08 11:21:27 [INFO]: MongoDB Connected: localhost
2025-01-08 11:21:40 [INFO]: MongoDB Connected: localhost
2025-01-08 11:21:56 [INFO]: MongoDB Connected: localhost
2025-01-08 11:23:03 [INFO]: MongoDB Connected: localhost
2025-01-08 11:23:11 [INFO]: MongoDB Connected: localhost
2025-01-08 11:23:16 [INFO]: MongoDB Connected: localhost
2025-01-08 11:23:31 [INFO]: MongoDB Connected: localhost
2025-01-08 11:23:48 [INFO]: MongoDB Connected: localhost
2025-01-08 11:24:52 [INFO]: MongoDB Connected: localhost
2025-01-08 11:27:06 [INFO]: Lấy danh sách 1 sản phẩm (trang 1) thành công.
2025-01-08 11:27:14 [INFO]: Giỏ hàng mới được tạo cho người dùng: 677df62567125c344526142a
2025-01-08 11:27:14 [INFO]: Thêm sản phẩm mới (ID: 675c17196232ba2334ee9bb1) vào giỏ hàng của người dùng: 677df62567125c344526142a
2025-01-08 11:27:14 [INFO]: Giỏ hàng của người dùng 677df62567125c344526142a đã được cập nhật thành công.
2025-01-08 11:27:21 [INFO]: Lấy danh sách 2 đơn hàng thành công.
2025-01-08 11:27:33 [WARN]: Tạo đơn hàng thất bại: ["Products không được để trống. không được là một mảng rỗng.","Total Amount phải là một số dương. phải là một số dương."]
2025-01-08 11:28:51 [INFO]: Lấy danh sách 2 đơn hàng thành công.
2025-01-08 11:29:40 [INFO]: Lấy thông tin đơn hàng với ID 675d23ce1a3dd0df428a6c5b thành công.
2025-01-08 11:33:30 [INFO]: MongoDB Connected: localhost
2025-01-08 11:34:42 [INFO]: Lấy danh sách 1 sản phẩm (trang 1) thành công.
2025-01-08 11:34:51 [ERROR]: Lỗi khi tạo đơn hàng: Order validation failed: products.0.product: Path `product` is required.
2025-01-08 11:35:07 [ERROR]: Lỗi khi tạo đơn hàng: Order validation failed: products.0.product: Path `product` is required.
2025-01-08 11:36:28 [ERROR]: Lỗi khi tạo đơn hàng: Order validation failed: products.0.product: Path `product` is required., products.1.product: Path `product` is required.
2025-01-08 11:38:24 [INFO]: Lấy danh sách 1 sản phẩm (trang 1) thành công.
2025-01-08 11:38:44 [ERROR]: Lỗi khi tạo đơn hàng: Order validation failed: products.0.product: Path `product` is required.
2025-01-08 11:40:07 [INFO]: MongoDB Connected: localhost
2025-01-08 11:41:10 [WARN]: Tạo đơn hàng thất bại: ["Product ID tại vị trí 1 là bắt buộc."]
2025-01-08 11:42:36 [INFO]: MongoDB Connected: localhost
2025-01-08 11:42:37 [INFO]: MongoDB Connected: localhost
2025-01-08 11:43:12 [WARN]: Tạo đơn hàng thất bại: ["Product ID tại vị trí 1 là bắt buộc."]
2025-01-08 11:44:39 [INFO]: MongoDB Connected: localhost
2025-01-08 11:44:51 [INFO]: MongoDB Connected: localhost
2025-01-08 11:45:06 [WARN]: Tạo đơn hàng thất bại: ["Products không được để trống và phải là một mảng hợp lệ."]
2025-01-08 11:45:35 [INFO]: MongoDB Connected: localhost
2025-01-08 11:45:54 [INFO]: Đơn hàng mới được tạo cho người dùng: 677df62567125c344526142a
2025-01-08 11:46:07 [INFO]: Lấy danh sách 3 đơn hàng thành công.
2025-01-08 11:46:29 [WARN]: Cập nhật đơn hàng thất bại: [null,null]
2025-01-08 11:46:51 [INFO]: Lấy thông tin đơn hàng với ID 675d23ce1a3dd0df428a6c5b thành công.
2025-01-08 11:48:05 [INFO]: MongoDB Connected: localhost
2025-01-08 11:48:53 [INFO]: MongoDB Connected: localhost
2025-01-08 11:49:20 [INFO]: MongoDB Connected: localhost
2025-01-08 11:49:37 [INFO]: Lấy danh sách 3 đơn hàng thành công.
2025-01-08 11:49:55 [INFO]: Đơn hàng với ID 675d23ce1a3dd0df428a6c5b đã được cập nhật thành công.
2025-01-08 11:50:06 [INFO]: Đơn hàng với ID 675d23ce1a3dd0df428a6c5b đã được xóa thành công.
2025-01-08 11:50:17 [INFO]: Lấy danh sách 2 thanh toán thành công.
2025-01-08 11:50:52 [INFO]: Lấy danh sách 2 đơn hàng thành công.
2025-01-08 11:51:02 [WARN]: Tạo thanh toán thất bại: ["Order ID không được để trống. không được để trống.","Payment method phải là một trong các giá trị: cash, card. không thuộc danh sách các giá trị hợp lệ."]
2025-01-08 11:52:38 [INFO]: MongoDB Connected: localhost
2025-01-08 11:53:03 [INFO]: MongoDB Connected: localhost
2025-01-08 11:53:22 [INFO]: Lấy danh sách 2 đơn hàng thành công.
2025-01-08 11:53:32 [WARN]: Tạo thanh toán thất bại: ["Payment method phải là một trong các giá trị: cash, card. không thuộc danh sách các giá trị hợp lệ."]
2025-01-08 11:54:12 [INFO]: MongoDB Connected: localhost
2025-01-08 11:54:25 [INFO]: Lấy danh sách 2 đơn hàng thành công.
2025-01-08 11:54:35 [ERROR]: Lỗi khi tạo thanh toán: Payment validation failed: method: Path `method` is required., order: Path `order` is required.
2025-01-08 11:55:58 [INFO]: MongoDB Connected: localhost
2025-01-08 11:56:04 [INFO]: MongoDB Connected: localhost
2025-01-08 11:56:17 [INFO]: Lấy danh sách 2 đơn hàng thành công.
2025-01-08 11:56:31 [ERROR]: Lỗi khi tạo thanh toán: Payment validation failed: order: Path `order` is required., method: Path `method` is required.
2025-01-08 11:56:53 [INFO]: MongoDB Connected: localhost
2025-01-08 11:57:08 [WARN]: Tạo thanh toán thất bại: ["Order ID không được để trống. không được để trống.","Payment method phải là một trong các giá trị: cash, card. không thuộc danh sách các giá trị hợp lệ."]
2025-01-08 11:57:48 [INFO]: MongoDB Connected: localhost
2025-01-08 11:58:09 [ERROR]: Lỗi khi tạo thanh toán: order is not defined
2025-01-08 11:58:50 [INFO]: Lấy danh sách 2 đơn hàng thành công.
2025-01-08 11:58:59 [INFO]: Lấy thông tin đơn hàng với ID 677e03029b308051b7ecde5b thành công.
2025-01-08 11:59:06 [ERROR]: Lỗi khi tạo thanh toán: order is not defined
2025-01-08 11:59:08 [ERROR]: Lỗi khi tạo thanh toán: order is not defined
2025-01-08 12:01:44 [INFO]: MongoDB Connected: localhost
2025-01-08 12:02:02 [INFO]: MongoDB Connected: localhost
2025-01-08 12:02:21 [INFO]: Lấy danh sách 2 đơn hàng thành công.
2025-01-08 12:02:37 [WARN]: Tạo thanh toán thất bại: ["Payment method phải là một trong các giá trị: cash, card. không thuộc danh sách các giá trị hợp lệ."]
2025-01-08 12:02:55 [INFO]: MongoDB Connected: localhost
2025-01-08 12:03:05 [INFO]: MongoDB Connected: localhost
2025-01-08 12:03:28 [INFO]: Thanh toán mới đã được tạo thành công cho đơn hàng: 675d254c1a3dd0df428a6c62
2025-01-08 12:03:41 [INFO]: Lấy danh sách 6 thanh toán thành công.
2025-01-08 12:04:03 [ERROR]: Lỗi khi cập nhật trạng thái thanh toán: messages.payment.validation.invalidStatus is not a function
2025-01-08 12:04:37 [ERROR]: Lỗi khi cập nhật trạng thái thanh toán: messages.payment.validation.invalidStatus is not a function
2025-01-08 12:05:02 [INFO]: MongoDB Connected: localhost
2025-01-08 12:05:21 [INFO]: Lấy danh sách 2 đơn hàng thành công.
2025-01-08 12:05:24 [INFO]: Lấy danh sách 2 đơn hàng thành công.
2025-01-08 12:05:34 [INFO]: Lấy danh sách 6 thanh toán thành công.
2025-01-08 12:05:44 [INFO]: Trạng thái thanh toán với ID 675d24ad1a3dd0df428a6c5e đã được cập nhật thành công.
2025-01-08 12:05:51 [INFO]: Lấy thông tin thanh toán với ID 675d24ad1a3dd0df428a6c5e thành công.
2025-01-08 12:06:00 [INFO]: Thanh toán với ID 675d24ad1a3dd0df428a6c5e đã được xóa thành công.
2025-01-08 12:06:42 [INFO]: MongoDB Connected: localhost
2025-01-08 12:09:25 [INFO]: MongoDB Connected: localhost
2025-01-08 12:09:45 [INFO]: Lấy danh sách 1 sản phẩm (trang 1) thành công.
2025-01-08 12:09:58 [WARN]: Tạo đánh giá thất bại: ["Product ID không được để trống. không được để trống."]
2025-01-08 12:10:33 [INFO]: MongoDB Connected: localhost
2025-01-08 12:10:57 [INFO]: MongoDB Connected: localhost
2025-01-08 12:11:09 [INFO]: Lấy danh sách 1 sản phẩm (trang 1) thành công.
2025-01-08 12:11:19 [INFO]: Đánh giá mới đã được tạo cho sản phẩm: 675c17196232ba2334ee9bb1
2025-01-08 12:11:29 [INFO]: Lấy danh sách 1 đánh giá cho sản phẩm 675c17196232ba2334ee9bb1 thành công.
2025-01-08 12:11:43 [INFO]: Lấy danh sách 0 đánh giá cho sản phẩm 677e08f797651d184fd801f1 thành công.
2025-01-08 12:12:08 [INFO]: Lấy danh sách 1 đánh giá cho sản phẩm 675c17196232ba2334ee9bb1 thành công.
2025-01-08 12:12:16 [WARN]: Đánh giá với ID 675c17196232ba2334ee9bb1 không tồn tại.
2025-01-08 12:12:22 [INFO]: Đánh giá mới đã được tạo cho sản phẩm: 675c17196232ba2334ee9bb1
2025-01-08 12:12:33 [INFO]: Đánh giá với ID 677e093697651d184fd801f9 đã được xóa thành công.
2025-01-08 12:14:14 [INFO]: MongoDB Connected: localhost
2025-01-08 12:15:15 [INFO]: MongoDB Connected: localhost
2025-01-08 12:16:25 [INFO]: MongoDB Connected: localhost
2025-01-08 12:19:08 [INFO]: MongoDB Connected: localhost
2025-01-08 12:19:51 [INFO]: MongoDB Connected: localhost
2025-01-08 12:20:33 [INFO]: MongoDB Connected: localhost
2025-01-08 12:21:15 [INFO]: MongoDB Connected: localhost
2025-01-08 12:23:12 [INFO]: MongoDB Connected: localhost
2025-01-08 12:25:11 [INFO]: MongoDB Connected: localhost
2025-01-08 12:25:43 [INFO]: MongoDB Connected: localhost
2025-01-08 12:25:45 [INFO]: MongoDB Connected: localhost
2025-01-08 22:52:45 [INFO]: MongoDB Connected: localhost
2025-01-09 09:44:43 [INFO]: Tạo người dùng thất bại: ["Mật khẩu phải chứa ít nhất một ký tự đặc biệt."]
2025-01-09 09:45:14 [INFO]: Người dùng với email daiphu1611@gmail.com đã được tạo thành công.
2025-01-09 09:46:28 [INFO]: Fetched 2 users (page: 1, limit: 10)
2025-01-09 09:47:38 [INFO]: Fetched 2 users (page: 1, limit: 10)
2025-01-09 09:48:18 [INFO]: Fetched 2 users (page: 1, limit: 10)
2025-01-09 09:49:03 [INFO]: Người dùng với ID 677df62567125c344526142a đã được cập nhật thành công.
2025-01-09 09:50:09 [INFO]: Người dùng với ID 677f383a60c223b2c1f6a667 đã được xóa thành công.
2025-01-09 09:51:50 [WARN]: Người dùng với ID 677f383a60c223b2c1f6a667 không tồn tại.
2025-01-09 09:51:59 [INFO]: Fetched 1 users (page: 1, limit: 10)
2025-01-09 09:52:04 [INFO]: Thông tin người dùng với ID 677df62567125c344526142a đã được trả về.
2025-01-09 13:42:46 [INFO]: MongoDB Connected: localhost
2025-02-21 14:08:13 [INFO]: MongoDB Connected: localhost
2025-02-21 14:08:39 [INFO]: MongoDB Connected: localhost
2025-02-21 14:12:03 [INFO]: MongoDB Connected: localhost
2025-02-21 14:29:30 [INFO]: MongoDB Connected: localhost
2025-02-21 23:28:04 [INFO]: MongoDB Connected: localhost
2025-02-21 23:37:12 [INFO]: Tạo người dùng thất bại: ["Mật khẩu phải có ít nhất 8 ký tự."]
2025-02-21 23:37:20 [INFO]: Tạo người dùng thất bại: ["Mật khẩu phải chứa ít nhất một ký tự đặc biệt."]
2025-02-21 23:37:26 [INFO]: Người dùng với email daiphu@gmail.com đã được tạo thành công.
2025-02-21 23:38:59 [INFO]: Fetched 2 users (page: 1, limit: 10)
2025-02-21 23:39:14 [INFO]: Thông tin người dùng với ID 67b8abc657c060c927ff3454 đã được trả về.
2025-02-21 23:39:52 [INFO]: Thông tin người dùng với ID 67b8abc657c060c927ff3454 đã được trả về.
2025-02-21 23:40:19 [INFO]: Fetched 2 users (page: 1, limit: 10)
2025-02-21 23:41:01 [ERROR]: Lỗi trong quá trình xác thực: Cast to ObjectId failed for value "67b8abc657c060c927ff34542" (type string) at path "_id" for model "User"
2025-02-21 23:41:01 [ERROR]: Lỗi khi cập nhật người dùng: Cast to ObjectId failed for value "67b8abc657c060c927ff34542" (type string) at path "_id" for model "User"
2025-02-21 23:41:14 [ERROR]: Lỗi trong quá trình xác thực: Cast to ObjectId failed for value "-1" (type string) at path "_id" for model "User"
2025-02-21 23:41:14 [ERROR]: Lỗi khi cập nhật người dùng: Cast to ObjectId failed for value "-1" (type string) at path "_id" for model "User"
2025-02-21 23:41:31 [INFO]: Người dùng với ID 67b8abc657c060c927ff3454 đã được cập nhật thành công.
2025-02-21 23:41:57 [INFO]: Sản phẩm mới đã được tạo: Laptop
2025-02-21 23:42:01 [INFO]: Sản phẩm mới đã được tạo: Laptop
2025-02-21 23:42:05 [INFO]: Sản phẩm mới đã được tạo: Laptop
2025-02-21 23:42:11 [INFO]: Sản phẩm mới đã được tạo: Laptop
2025-02-21 23:42:33 [INFO]: Lấy danh sách 5 sản phẩm (trang 1) thành công.
2025-02-21 23:42:58 [INFO]: Lấy thông tin sản phẩm với ID 67b8acd457c060c927ff3460 thành công.
2025-02-21 23:43:16 [INFO]: Đánh giá mới đã được tạo cho sản phẩm: 67b8acd457c060c927ff3461
2025-02-21 23:43:28 [ERROR]: Lỗi khi tạo đánh giá: Review validation failed: product: Cast to ObjectId failed for value "67b8acd457c060c927ff" (type string) at path "product" because of "BSONError"
2025-02-21 23:43:53 [INFO]: Lấy danh sách 0 đánh giá cho sản phẩm 67b8acd457c060c927ff3460 thành công.
2025-02-21 23:43:57 [INFO]: Lấy danh sách 1 đánh giá cho sản phẩm 67b8acd457c060c927ff3461 thành công.
2025-02-21 23:44:13 [INFO]: Đơn hàng mới được tạo cho người dùng: 67b8abc657c060c927ff3454
2025-02-21 23:44:20 [INFO]: Đơn hàng mới được tạo cho người dùng: 67b8abc657c060c927ff3454
2025-02-21 23:44:24 [INFO]: Đơn hàng mới được tạo cho người dùng: 67b8abc657c060c927ff3454
2025-02-21 23:44:31 [INFO]: Đơn hàng mới được tạo cho người dùng: 67b8abc657c060c927ff3454
2025-02-21 23:44:57 [INFO]: Thanh toán mới đã được tạo thành công cho đơn hàng: 63afc36fe7e3c12345abcd67
